0 info it worked if it ends with ok
1 verbose cli [ '/home/drichert/local/bin/node',
1 verbose cli   '/home/drichert/local/bin/npm',
1 verbose cli   'install',
1 verbose cli   'dgram',
1 verbose cli   '--save' ]
2 info using npm@2.11.2
3 info using node@v0.12.5
4 verbose install initial load of /home/drichert/proj/feral_flora/websocket_server/package.json
5 warn package.json @ No description
6 warn package.json @ No repository field.
7 warn package.json @ No README data
8 warn package.json @ No license field.
9 verbose installManyTop reading scoped package data from /home/drichert/proj/feral_flora/websocket_server/node_modules/node-osc/package.json
10 verbose installManyTop reading scoped package data from /home/drichert/proj/feral_flora/websocket_server/node_modules/osc-min/package.json
11 verbose installManyTop reading scoped package data from /home/drichert/proj/feral_flora/websocket_server/node_modules/serialport/package.json
12 verbose installManyTop reading scoped package data from /home/drichert/proj/feral_flora/websocket_server/node_modules/websocket/package.json
13 info package.json osc-min@0.2.0 No license field.
14 info package.json node-osc@1.1.0 No license field.
15 info package.json serialport@1.7.4 No license field.
16 verbose readDependencies loading dependencies from /home/drichert/proj/feral_flora/websocket_server/package.json
17 silly cache add args [ 'dgram', null ]
18 verbose cache add spec dgram
19 silly cache add parsed spec { raw: 'dgram',
19 silly cache add   scope: null,
19 silly cache add   name: 'dgram',
19 silly cache add   rawSpec: '',
19 silly cache add   spec: '*',
19 silly cache add   type: 'range' }
20 silly addNamed dgram@*
21 verbose addNamed "*" is a valid semver range for dgram
22 silly addNameRange { name: 'dgram', range: '*', hasData: false }
23 silly mapToRegistry name dgram
24 silly mapToRegistry using default registry
25 silly mapToRegistry registry https://registry.npmjs.org/
26 silly mapToRegistry uri https://registry.npmjs.org/dgram
27 verbose addNameRange registry:https://registry.npmjs.org/dgram not in flight; fetching
28 verbose request uri https://registry.npmjs.org/dgram
29 verbose request no auth needed
30 info attempt registry request try #1 at 22:54:35
31 verbose request id cc442721cdc49bef
32 http request GET https://registry.npmjs.org/dgram
33 http 404 https://registry.npmjs.org/dgram
34 verbose headers { 'content-type': 'application/json',
34 verbose headers   'cache-control': 'max-age=0',
34 verbose headers   'content-length': '2',
34 verbose headers   'accept-ranges': 'bytes',
34 verbose headers   date: 'Thu, 24 Sep 2015 02:54:36 GMT',
34 verbose headers   via: '1.1 varnish',
34 verbose headers   age: '0',
34 verbose headers   connection: 'keep-alive',
34 verbose headers   'x-served-by': 'cache-ord1723-ORD',
34 verbose headers   'x-cache': 'MISS',
34 verbose headers   'x-cache-hits': '0',
34 verbose headers   'x-timer': 'S1443063276.149159,VS0,VE39' }
35 silly get cb [ 404,
35 silly get   { 'content-type': 'application/json',
35 silly get     'cache-control': 'max-age=0',
35 silly get     'content-length': '2',
35 silly get     'accept-ranges': 'bytes',
35 silly get     date: 'Thu, 24 Sep 2015 02:54:36 GMT',
35 silly get     via: '1.1 varnish',
35 silly get     age: '0',
35 silly get     connection: 'keep-alive',
35 silly get     'x-served-by': 'cache-ord1723-ORD',
35 silly get     'x-cache': 'MISS',
35 silly get     'x-cache-hits': '0',
35 silly get     'x-timer': 'S1443063276.149159,VS0,VE39' } ]
36 verbose stack Error: Registry returned 404 for GET on https://registry.npmjs.org/dgram
36 verbose stack     at CachingRegistryClient.<anonymous> (/home/drichert/local/lib/node_modules/npm/node_modules/npm-registry-client/lib/request.js:239:14)
36 verbose stack     at Request._callback (/home/drichert/local/lib/node_modules/npm/node_modules/npm-registry-client/lib/request.js:170:14)
36 verbose stack     at Request.self.callback (/home/drichert/local/lib/node_modules/npm/node_modules/request/request.js:354:22)
36 verbose stack     at Request.emit (events.js:110:17)
36 verbose stack     at Request.<anonymous> (/home/drichert/local/lib/node_modules/npm/node_modules/request/request.js:1207:14)
36 verbose stack     at Request.emit (events.js:129:20)
36 verbose stack     at IncomingMessage.<anonymous> (/home/drichert/local/lib/node_modules/npm/node_modules/request/request.js:1153:12)
36 verbose stack     at IncomingMessage.emit (events.js:129:20)
36 verbose stack     at _stream_readable.js:908:16
36 verbose stack     at process._tickCallback (node.js:355:11)
37 verbose statusCode 404
38 verbose pkgid dgram
39 verbose cwd /home/drichert/proj/feral_flora/websocket_server
40 error Linux 3.19.0-26-generic
41 error argv "/home/drichert/local/bin/node" "/home/drichert/local/bin/npm" "install" "dgram" "--save"
42 error node v0.12.5
43 error npm  v2.11.2
44 error code E404
45 error 404 Registry returned 404 for GET on https://registry.npmjs.org/dgram
45 error 404
45 error 404 'dgram' is not in the npm registry.
45 error 404 Your package name is not valid, because
45 error 404
45 error 404  1. dgram is a core module name
45 error 404
45 error 404 Note that you can also install from a
45 error 404 tarball, folder, http url, or git url.
46 verbose exit [ 1, true ]
